<?xml version="1.0" encoding="UTF-8"?>
<!-- Generated by org.testng.reporters.JUnitXMLReporter -->
<testsuite ignored="0" hostname="LAPTOP-LAPI3B0G" failures="0" tests="3" name="Test" time="22.8" errors="0" timestamp="2023-09-07T16:01:50 IST">
  <testcase classname="MultiTestScenario.MultiTest" name="Test1" time="11.972"/>
  <testcase classname="MultiTestScenario.MultiTest" name="Test2" time="5.171"/>
  <testcase classname="MultiTestScenario.AgainMultitest" name="Test4" time="0.919"/>
</testsuite> <!-- Test -->
