<?xml version="1.0" encoding="UTF-8"?>
<testng-results ignored="0" total="3" passed="3" failed="0" skipped="0">
  <reporter-output>
  </reporter-output>
  <suite started-at="2023-09-07T16:01:27 IST" name="Suite" finished-at="2023-09-07T16:01:50 IST" duration-ms="22800">
    <groups>
    </groups>
    <test started-at="2023-09-07T16:01:27 IST" name="Test" finished-at="2023-09-07T16:01:50 IST" duration-ms="22800">
      <class name="MultiTestScenario.AgainMultitest">
        <test-method signature="Test4()[pri:0, instance:MultiTestScenario.AgainMultitest@2de56eb2]" started-at="2023-09-07T16:01:49 IST" name="Test4" finished-at="2023-09-07T16:01:50 IST" duration-ms="919" status="PASS">
          <reporter-output>
          </reporter-output>
        </test-method> <!-- Test4 -->
      </class> <!-- MultiTestScenario.AgainMultitest -->
      <class name="MultiTestScenario.MultiTest">
        <test-method is-config="true" signature="Initalization()[pri:0, instance:MultiTestScenario.MultiTest@2ab4bc72]" started-at="2023-09-07T16:01:27 IST" name="Initalization" finished-at="2023-09-07T16:01:32 IST" duration-ms="4502" status="PASS">
          <reporter-output>
          </reporter-output>
        </test-method> <!-- Initalization -->
        <test-method signature="Test1()[pri:0, instance:MultiTestScenario.MultiTest@2ab4bc72]" started-at="2023-09-07T16:01:32 IST" name="Test1" finished-at="2023-09-07T16:01:44 IST" duration-ms="11972" status="PASS">
          <reporter-output>
          </reporter-output>
        </test-method> <!-- Test1 -->
        <test-method signature="Test2()[pri:0, instance:MultiTestScenario.MultiTest@2ab4bc72]" started-at="2023-09-07T16:01:44 IST" name="Test2" finished-at="2023-09-07T16:01:49 IST" duration-ms="5171" status="PASS">
          <reporter-output>
          </reporter-output>
        </test-method> <!-- Test2 -->
        <test-method is-config="true" signature="CleanUp()[pri:0, instance:MultiTestScenario.MultiTest@2ab4bc72]" started-at="2023-09-07T16:01:49 IST" name="CleanUp" finished-at="2023-09-07T16:01:49 IST" duration-ms="179" status="PASS">
          <reporter-output>
          </reporter-output>
        </test-method> <!-- CleanUp -->
      </class> <!-- MultiTestScenario.MultiTest -->
    </test> <!-- Test -->
  </suite> <!-- Suite -->
</testng-results>
